Loading model ...

Making model...
Loading data info ...

testsets/McMaster18/01.tif input 7.58, PSNR 32.25 
testsets/McMaster18/02.tif input 9.47, PSNR 36.92 
testsets/McMaster18/03.tif input 7.99, PSNR 37.72 
testsets/McMaster18/04.tif input 3.83, PSNR 42.10 
testsets/McMaster18/05.tif input 6.96, PSNR 37.49 
testsets/McMaster18/06.tif input 9.80, PSNR 41.72 
testsets/McMaster18/07.tif input 8.40, PSNR 42.11 
testsets/McMaster18/08.tif input 12.90, PSNR 42.02 
testsets/McMaster18/09.tif input 8.37, PSNR 40.78 
testsets/McMaster18/10.tif input 10.43, PSNR 41.69 
testsets/McMaster18/11.tif input 12.17, PSNR 42.43 
testsets/McMaster18/12.tif input 8.59, PSNR 41.98 
testsets/McMaster18/13.tif input 7.56, PSNR 42.29 
testsets/McMaster18/14.tif input 9.57, PSNR 40.59 
testsets/McMaster18/15.tif input 10.84, PSNR 40.78 
testsets/McMaster18/16.tif input 10.50, PSNR 37.94 
testsets/McMaster18/17.tif input 12.08, PSNR 37.65 
testsets/McMaster18/18.tif input 7.98, PSNR 38.65 

PSNR on test data 39.838604
